  [1m[36m (1.3ms)[0m  [1mCREATE TABLE "schema_migrations" ("version" varchar NOT NULL) [0m
  [1m[35m (0.4ms)[0m  select sqlite_version(*)
  [1m[36m (1.6ms)[0m  [1mCREATE UNIQUE INDEX "unique_schema_migrations" ON "schema_migrations" ("version")[0m
  [1m[35mActiveRecord::SchemaMigration Load (0.1ms)[0m  SELECT "schema_migrations".* FROM "schema_migrations"
Migrating to CreateProducts (20150812182105)
  [1m[36m (0.1ms)[0m  [1mbegin transaction[0m
  [1m[35m (1.1ms)[0m  CREATE TABLE "products" ("id" INTEGER PRIMARY KEY AUTOINCREMENT NOT NULL, "name" varchar, "description" text, "pricing" float, "created_at" datetime NOT NULL, "updated_at" datetime NOT NULL) 
  [1m[36mSQL (0.3ms)[0m  [1mINSERT INTO "schema_migrations" ("version") VALUES (?)[0m  [["version", "20150812182105"]]
  [1m[35m (0.9ms)[0m  commit transaction
  [1m[36mActiveRecord::SchemaMigration Load (0.1ms)[0m  [1mSELECT "schema_migrations".* FROM "schema_migrations"[0m


Started GET "/products" for ::1 at 2015-08-12 13:38:45 -0700
  [1m[36mActiveRecord::SchemaMigration Load (0.5ms)[0m  [1mSELECT "schema_migrations".* FROM "schema_migrations"[0m
Processing by ProductsController#index as HTML
  [1m[35mProduct Load (0.5ms)[0m  SELECT "products".* FROM "products"
  Rendered products/index.html.erb within layouts/application (4.6ms)
Completed 200 OK in 2322ms (Views: 2305.7ms | ActiveRecord: 0.7ms)
  [1m[36m (0.2ms)[0m  [1mbegin transaction[0m
  [1m[35mSQL (1.6ms)[0m  INSERT INTO "products" ("name", "description", "pricing", "created_at", "updated_at") VALUES (?, ?, ?, ?, ?)  [["name", "Macbook"], ["description", "Apple laptop"], ["pricing", 2000.0], ["created_at", "2015-08-12 20:40:11.836420"], ["updated_at", "2015-08-12 20:40:11.836420"]]
  [1m[36m (3.4ms)[0m  [1mcommit transaction[0m
  [1m[35mProduct Load (0.5ms)[0m  SELECT "products".* FROM "products"


Started GET "/products" for ::1 at 2015-08-12 13:40:19 -0700
Processing by ProductsController#index as HTML
  [1m[36mProduct Load (0.3ms)[0m  [1mSELECT "products".* FROM "products"[0m
  Rendered products/index.html.erb within layouts/application (25.5ms)
Completed 200 OK in 67ms (Views: 65.1ms | ActiveRecord: 0.6ms)


Started GET "/assets/products.self-e3b0c44298fc1c149afbf4c8996fb92427ae41e4649b934ca495991b7852b855.css?body=1" for ::1 at 2015-08-12 13:40:19 -0700


Started GET "/assets/turbolinks.self-c37727e9bd6b2735da5c311aa83fead54ed0be6cc8bd9a65309e9c5abe2cbfff.js?body=1" for ::1 at 2015-08-12 13:40:19 -0700


Started GET "/assets/jquery.self-d03a5518f45df77341bdbe6201ba3bfa547ebba8ed64f0ea56bfa5f96ea7c074.js?body=1" for ::1 at 2015-08-12 13:40:19 -0700


Started GET "/assets/products.self-877aef30ae1b040ab8a3aba4e3e309a11d7f2612f44dde450b5c157aa5f95c05.js?body=1" for ::1 at 2015-08-12 13:40:19 -0700


Started GET "/assets/jquery_ujs.self-ca5248a2fad13d6bd58ea121318d642f195f0b2dd818b30615f785ff365e8d1f.js?body=1" for ::1 at 2015-08-12 13:40:19 -0700


Started GET "/assets/application.self-e80e8f2318043e8af94dddc2adad5a4f09739a8ebb323b3ab31cd71d45fd9113.css?body=1" for ::1 at 2015-08-12 13:40:19 -0700


Started GET "/assets/application.self-3b8dabdc891efe46b9a144b400ad69e37d7e5876bdc39dee783419a69d7ca819.js?body=1" for ::1 at 2015-08-12 13:40:19 -0700
  [1m[36mActiveRecord::SchemaMigration Load (0.6ms)[0m  [1mSELECT "schema_migrations".* FROM "schema_migrations"[0m
Migrating to ChangeProductPricingType (20150812204220)
  [1m[35m (0.1ms)[0m  begin transaction
  [1m[36m (1.9ms)[0m  [1mCREATE TEMPORARY TABLE "aproducts" ("id" INTEGER PRIMARY KEY AUTOINCREMENT NOT NULL, "name" varchar, "description" text, "pricing" float, "created_at" datetime NOT NULL, "updated_at" datetime NOT NULL) [0m
  [1m[35m (0.1ms)[0m  SELECT * FROM "products"
  [1m[36m (0.2ms)[0m  [1mINSERT INTO "aproducts" ("id","name","description","pricing","created_at","updated_at") VALUES (1, 'Macbook', 'Apple laptop', 2000.0, '2015-08-12 20:40:11.836420', '2015-08-12 20:40:11.836420')[0m
  [1m[35m (0.8ms)[0m  DROP TABLE "products"
  [1m[36m (0.2ms)[0m  [1mCREATE TABLE "products" ("id" INTEGER PRIMARY KEY AUTOINCREMENT NOT NULL, "name" varchar, "description" text, "pricing" decimal, "created_at" datetime NOT NULL, "updated_at" datetime NOT NULL) [0m
  [1m[35m (0.1ms)[0m  SELECT * FROM "aproducts"
  [1m[36m (0.1ms)[0m  [1mINSERT INTO "products" ("id","name","description","pricing","created_at","updated_at") VALUES (1, 'Macbook', 'Apple laptop', 2000.0, '2015-08-12 20:40:11.836420', '2015-08-12 20:40:11.836420')[0m
  [1m[35m (0.3ms)[0m  DROP TABLE "aproducts"
  [1m[36mSQL (0.3ms)[0m  [1mINSERT INTO "schema_migrations" ("version") VALUES (?)[0m  [["version", "20150812204220"]]
  [1m[35m (1.3ms)[0m  commit transaction
  [1m[36mActiveRecord::SchemaMigration Load (0.1ms)[0m  [1mSELECT "schema_migrations".* FROM "schema_migrations"[0m


Started GET "/products" for ::1 at 2015-08-12 13:43:20 -0700
  [1m[35mActiveRecord::SchemaMigration Load (0.2ms)[0m  SELECT "schema_migrations".* FROM "schema_migrations"
Processing by ProductsController#index as HTML
  [1m[36mProduct Load (0.2ms)[0m  [1mSELECT "products".* FROM "products"[0m
  Rendered products/index.html.erb within layouts/application (7.0ms)
Completed 200 OK in 52ms (Views: 48.3ms | ActiveRecord: 0.5ms)


Started GET "/assets/application.self-e80e8f2318043e8af94dddc2adad5a4f09739a8ebb323b3ab31cd71d45fd9113.css?body=1" for ::1 at 2015-08-12 13:43:20 -0700


Started GET "/assets/products.self-877aef30ae1b040ab8a3aba4e3e309a11d7f2612f44dde450b5c157aa5f95c05.js?body=1" for ::1 at 2015-08-12 13:43:20 -0700


Started GET "/assets/products.self-e3b0c44298fc1c149afbf4c8996fb92427ae41e4649b934ca495991b7852b855.css?body=1" for ::1 at 2015-08-12 13:43:20 -0700


Started GET "/assets/application.self-3b8dabdc891efe46b9a144b400ad69e37d7e5876bdc39dee783419a69d7ca819.js?body=1" for ::1 at 2015-08-12 13:43:20 -0700


Started GET "/assets/jquery.self-d03a5518f45df77341bdbe6201ba3bfa547ebba8ed64f0ea56bfa5f96ea7c074.js?body=1" for ::1 at 2015-08-12 13:43:20 -0700


Started GET "/assets/jquery_ujs.self-ca5248a2fad13d6bd58ea121318d642f195f0b2dd818b30615f785ff365e8d1f.js?body=1" for ::1 at 2015-08-12 13:43:20 -0700


Started GET "/assets/turbolinks.self-c37727e9bd6b2735da5c311aa83fead54ed0be6cc8bd9a65309e9c5abe2cbfff.js?body=1" for ::1 at 2015-08-12 13:43:20 -0700


Started GET "/products" for ::1 at 2015-08-12 13:53:04 -0700
Processing by ProductsController#index as HTML
  [1m[35mProduct Load (0.8ms)[0m  SELECT "products".* FROM "products"
  Rendered products/index.html.erb within layouts/application (25.3ms)
Completed 200 OK in 117ms (Views: 100.9ms | ActiveRecord: 1.1ms)


Started GET "/assets/application.self-e80e8f2318043e8af94dddc2adad5a4f09739a8ebb323b3ab31cd71d45fd9113.css?body=1" for ::1 at 2015-08-12 13:53:04 -0700


Started GET "/assets/products.self-e3b0c44298fc1c149afbf4c8996fb92427ae41e4649b934ca495991b7852b855.css?body=1" for ::1 at 2015-08-12 13:53:04 -0700


Started GET "/assets/jquery.self-d03a5518f45df77341bdbe6201ba3bfa547ebba8ed64f0ea56bfa5f96ea7c074.js?body=1" for ::1 at 2015-08-12 13:53:04 -0700


Started GET "/assets/jquery_ujs.self-ca5248a2fad13d6bd58ea121318d642f195f0b2dd818b30615f785ff365e8d1f.js?body=1" for ::1 at 2015-08-12 13:53:04 -0700


Started GET "/assets/turbolinks.self-c37727e9bd6b2735da5c311aa83fead54ed0be6cc8bd9a65309e9c5abe2cbfff.js?body=1" for ::1 at 2015-08-12 13:53:04 -0700


Started GET "/assets/products.self-877aef30ae1b040ab8a3aba4e3e309a11d7f2612f44dde450b5c157aa5f95c05.js?body=1" for ::1 at 2015-08-12 13:53:04 -0700


Started GET "/assets/application.self-3b8dabdc891efe46b9a144b400ad69e37d7e5876bdc39dee783419a69d7ca819.js?body=1" for ::1 at 2015-08-12 13:53:04 -0700


Started GET "/products/new" for ::1 at 2015-08-12 13:53:06 -0700
Processing by ProductsController#new as HTML
  Rendered products/new.html.erb within layouts/application (0.8ms)
Completed 200 OK in 28ms (Views: 27.2ms | ActiveRecord: 0.0ms)


Started POST "/products" for ::1 at 2015-08-12 14:51:05 -0700
Processing by ProductsController#create as HTML
  Parameters: {"authenticity_token"=>"2qKglVDBx6Xmkqs7EcmQGobHcKHhs+WM5oWg7Gd4JfpCzPAD0yMYgUQzmMCBuwp8zxuf4XAvZ5sqbBCStySxTQ==", "product"=>{"name"=>"", "description"=>"", "price"=>""}}
Unpermitted parameter: price
  [1m[36m (0.3ms)[0m  [1mbegin transaction[0m
  [1m[35m (0.1ms)[0m  rollback transaction
Redirected to http://localhost:3000/products/new
Completed 302 Found in 21ms (ActiveRecord: 1.1ms)


Started GET "/products/new" for ::1 at 2015-08-12 14:51:06 -0700
Processing by ProductsController#new as HTML
  Rendered products/new.html.erb within layouts/application (1.2ms)
Completed 200 OK in 51ms (Views: 49.6ms | ActiveRecord: 0.0ms)


Started GET "/products/new" for ::1 at 2015-08-12 14:51:12 -0700
Processing by ProductsController#new as HTML
  Rendered products/new.html.erb within layouts/application (0.2ms)
Completed 200 OK in 32ms (Views: 31.3ms | ActiveRecord: 0.0ms)


Started GET "/assets/application.self-e80e8f2318043e8af94dddc2adad5a4f09739a8ebb323b3ab31cd71d45fd9113.css?body=1" for ::1 at 2015-08-12 14:51:12 -0700


Started GET "/assets/jquery.self-d03a5518f45df77341bdbe6201ba3bfa547ebba8ed64f0ea56bfa5f96ea7c074.js?body=1" for ::1 at 2015-08-12 14:51:12 -0700


Started GET "/assets/jquery_ujs.self-ca5248a2fad13d6bd58ea121318d642f195f0b2dd818b30615f785ff365e8d1f.js?body=1" for ::1 at 2015-08-12 14:51:12 -0700


Started GET "/assets/products.self-877aef30ae1b040ab8a3aba4e3e309a11d7f2612f44dde450b5c157aa5f95c05.js?body=1" for ::1 at 2015-08-12 14:51:12 -0700


Started GET "/assets/turbolinks.self-c37727e9bd6b2735da5c311aa83fead54ed0be6cc8bd9a65309e9c5abe2cbfff.js?body=1" for ::1 at 2015-08-12 14:51:12 -0700


Started GET "/assets/application.self-3b8dabdc891efe46b9a144b400ad69e37d7e5876bdc39dee783419a69d7ca819.js?body=1" for ::1 at 2015-08-12 14:51:12 -0700


Started GET "/assets/products.self-e3b0c44298fc1c149afbf4c8996fb92427ae41e4649b934ca495991b7852b855.css?body=1" for ::1 at 2015-08-12 14:51:12 -0700


Started POST "/products" for ::1 at 2015-08-12 14:51:24 -0700
Processing by ProductsController#create as HTML
  Parameters: {"authenticity_token"=>"20zrIrKe8EoaNC03RJI33flXHBV1Dq2Py0+nwV05yuBDIru0MXwvbriVHszU4K27sIvzVeSSL5gHphe/jWVeVw==", "product"=>{"name"=>"Pillow", "description"=>"Sleep", "pricing"=>"20.00"}}
  [1m[36m (0.2ms)[0m  [1mbegin transaction[0m
  [1m[35mSQL (0.8ms)[0m  INSERT INTO "products" ("name", "description", "pricing", "created_at", "updated_at") VALUES (?, ?, ?, ?, ?)  [["name", "Pillow"], ["description", "Sleep"], ["pricing", 20.0], ["created_at", "2015-08-12 21:51:24.272773"], ["updated_at", "2015-08-12 21:51:24.272773"]]
  [1m[36m (3.8ms)[0m  [1mcommit transaction[0m
Redirected to http://localhost:3000/products
Completed 302 Found in 14ms (ActiveRecord: 4.8ms)


Started GET "/products" for ::1 at 2015-08-12 14:51:24 -0700
Processing by ProductsController#index as HTML
  [1m[35mProduct Load (0.3ms)[0m  SELECT "products".* FROM "products"
  Rendered products/index.html.erb within layouts/application (2.8ms)
Completed 200 OK in 37ms (Views: 35.9ms | ActiveRecord: 0.3ms)


Started GET "/products" for ::1 at 2015-08-12 14:59:01 -0700
Processing by ProductsController#index as HTML
  [1m[36mProduct Load (0.4ms)[0m  [1mSELECT "products".* FROM "products"[0m
  Rendered products/index.html.erb within layouts/application (8.9ms)
Completed 200 OK in 58ms (Views: 54.6ms | ActiveRecord: 0.7ms)


Started GET "/assets/application.self-e80e8f2318043e8af94dddc2adad5a4f09739a8ebb323b3ab31cd71d45fd9113.css?body=1" for ::1 at 2015-08-12 14:59:01 -0700


Started GET "/assets/jquery_ujs.self-ca5248a2fad13d6bd58ea121318d642f195f0b2dd818b30615f785ff365e8d1f.js?body=1" for ::1 at 2015-08-12 14:59:01 -0700


Started GET "/assets/application.self-3b8dabdc891efe46b9a144b400ad69e37d7e5876bdc39dee783419a69d7ca819.js?body=1" for ::1 at 2015-08-12 14:59:01 -0700


Started GET "/assets/products.self-e3b0c44298fc1c149afbf4c8996fb92427ae41e4649b934ca495991b7852b855.css?body=1" for ::1 at 2015-08-12 14:59:01 -0700


Started GET "/assets/turbolinks.self-c37727e9bd6b2735da5c311aa83fead54ed0be6cc8bd9a65309e9c5abe2cbfff.js?body=1" for ::1 at 2015-08-12 14:59:01 -0700


Started GET "/assets/jquery.self-d03a5518f45df77341bdbe6201ba3bfa547ebba8ed64f0ea56bfa5f96ea7c074.js?body=1" for ::1 at 2015-08-12 14:59:01 -0700


Started GET "/assets/products.self-877aef30ae1b040ab8a3aba4e3e309a11d7f2612f44dde450b5c157aa5f95c05.js?body=1" for ::1 at 2015-08-12 14:59:01 -0700


Started GET "/products/1" for ::1 at 2015-08-12 14:59:05 -0700
Processing by ProductsController#show as HTML
  Parameters: {"id"=>"1"}
  [1m[35mProduct Load (0.3ms)[0m  SELECT  "products".* FROM "products" WHERE "products"."id" = ? LIMIT 1  [["id", 1]]
  Rendered products/show.html.erb within layouts/application (1.3ms)
Completed 200 OK in 36ms (Views: 25.4ms | ActiveRecord: 0.3ms)


Started GET "/products/1/edit" for ::1 at 2015-08-12 15:10:01 -0700
Processing by ProductsController#edit as HTML
  Parameters: {"id"=>"1"}
  [1m[36mProduct Load (0.3ms)[0m  [1mSELECT  "products".* FROM "products" WHERE "products"."id" = ? LIMIT 1[0m  [["id", 1]]
  Rendered products/edit.html.erb within layouts/application (4.7ms)
Completed 200 OK in 94ms (Views: 64.9ms | ActiveRecord: 1.6ms)


Started GET "/products/2/edit" for ::1 at 2015-08-12 15:10:12 -0700
Processing by ProductsController#edit as HTML
  Parameters: {"id"=>"2"}
  [1m[35mProduct Load (0.4ms)[0m  SELECT  "products".* FROM "products" WHERE "products"."id" = ? LIMIT 1  [["id", 2]]
  Rendered products/edit.html.erb within layouts/application (0.2ms)
Completed 200 OK in 37ms (Views: 34.3ms | ActiveRecord: 0.4ms)


Started GET "/products/2/edit" for ::1 at 2015-08-12 15:10:51 -0700
Processing by ProductsController#edit as HTML
  Parameters: {"id"=>"2"}
  [1m[36mProduct Load (0.1ms)[0m  [1mSELECT  "products".* FROM "products" WHERE "products"."id" = ? LIMIT 1[0m  [["id", 2]]
  Rendered products/edit.html.erb within layouts/application (3.3ms)
Completed 200 OK in 44ms (Views: 42.4ms | ActiveRecord: 0.1ms)


Started GET "/assets/application.self-e80e8f2318043e8af94dddc2adad5a4f09739a8ebb323b3ab31cd71d45fd9113.css?body=1" for ::1 at 2015-08-12 15:10:51 -0700


Started GET "/assets/jquery.self-d03a5518f45df77341bdbe6201ba3bfa547ebba8ed64f0ea56bfa5f96ea7c074.js?body=1" for ::1 at 2015-08-12 15:10:51 -0700


Started GET "/assets/jquery_ujs.self-ca5248a2fad13d6bd58ea121318d642f195f0b2dd818b30615f785ff365e8d1f.js?body=1" for ::1 at 2015-08-12 15:10:51 -0700


Started GET "/assets/products.self-877aef30ae1b040ab8a3aba4e3e309a11d7f2612f44dde450b5c157aa5f95c05.js?body=1" for ::1 at 2015-08-12 15:10:51 -0700


Started GET "/assets/turbolinks.self-c37727e9bd6b2735da5c311aa83fead54ed0be6cc8bd9a65309e9c5abe2cbfff.js?body=1" for ::1 at 2015-08-12 15:10:51 -0700


Started GET "/assets/products.self-e3b0c44298fc1c149afbf4c8996fb92427ae41e4649b934ca495991b7852b855.css?body=1" for ::1 at 2015-08-12 15:10:51 -0700


Started GET "/assets/application.self-3b8dabdc891efe46b9a144b400ad69e37d7e5876bdc39dee783419a69d7ca819.js?body=1" for ::1 at 2015-08-12 15:10:51 -0700


Started GET "/products/2/edit" for ::1 at 2015-08-12 15:11:07 -0700
Processing by ProductsController#edit as HTML
  Parameters: {"id"=>"2"}
  [1m[35mProduct Load (0.2ms)[0m  SELECT  "products".* FROM "products" WHERE "products"."id" = ? LIMIT 1  [["id", 2]]
  Rendered products/edit.html.erb within layouts/application (1.0ms)
Completed 200 OK in 43ms (Views: 40.5ms | ActiveRecord: 0.2ms)


Started GET "/assets/products.self-e3b0c44298fc1c149afbf4c8996fb92427ae41e4649b934ca495991b7852b855.css?body=1" for ::1 at 2015-08-12 15:11:08 -0700


Started GET "/assets/application.self-e80e8f2318043e8af94dddc2adad5a4f09739a8ebb323b3ab31cd71d45fd9113.css?body=1" for ::1 at 2015-08-12 15:11:08 -0700


Started GET "/assets/application.self-3b8dabdc891efe46b9a144b400ad69e37d7e5876bdc39dee783419a69d7ca819.js?body=1" for ::1 at 2015-08-12 15:11:08 -0700


Started GET "/assets/products.self-877aef30ae1b040ab8a3aba4e3e309a11d7f2612f44dde450b5c157aa5f95c05.js?body=1" for ::1 at 2015-08-12 15:11:08 -0700


Started GET "/assets/jquery_ujs.self-ca5248a2fad13d6bd58ea121318d642f195f0b2dd818b30615f785ff365e8d1f.js?body=1" for ::1 at 2015-08-12 15:11:08 -0700


Started GET "/assets/jquery.self-d03a5518f45df77341bdbe6201ba3bfa547ebba8ed64f0ea56bfa5f96ea7c074.js?body=1" for ::1 at 2015-08-12 15:11:08 -0700


Started GET "/assets/turbolinks.self-c37727e9bd6b2735da5c311aa83fead54ed0be6cc8bd9a65309e9c5abe2cbfff.js?body=1" for ::1 at 2015-08-12 15:11:08 -0700


Started GET "/products/2" for ::1 at 2015-08-12 15:15:47 -0700
Processing by ProductsController#show as HTML
  Parameters: {"id"=>"2"}
  [1m[36mProduct Load (0.2ms)[0m  [1mSELECT  "products".* FROM "products" WHERE "products"."id" = ? LIMIT 1[0m  [["id", 2]]
  Rendered products/show.html.erb within layouts/application (0.5ms)
Completed 200 OK in 42ms (Views: 39.7ms | ActiveRecord: 0.2ms)


Started GET "/products" for ::1 at 2015-08-12 15:15:49 -0700
Processing by ProductsController#index as HTML
  [1m[35mProduct Load (0.2ms)[0m  SELECT "products".* FROM "products"
  Rendered products/index.html.erb within layouts/application (2.8ms)
Completed 200 OK in 34ms (Views: 32.6ms | ActiveRecord: 0.2ms)


Started GET "/assets/products.self-e3b0c44298fc1c149afbf4c8996fb92427ae41e4649b934ca495991b7852b855.css?body=1" for ::1 at 2015-08-12 15:15:49 -0700


Started GET "/assets/application.self-e80e8f2318043e8af94dddc2adad5a4f09739a8ebb323b3ab31cd71d45fd9113.css?body=1" for ::1 at 2015-08-12 15:15:49 -0700


Started GET "/assets/jquery.self-d03a5518f45df77341bdbe6201ba3bfa547ebba8ed64f0ea56bfa5f96ea7c074.js?body=1" for ::1 at 2015-08-12 15:15:49 -0700


Started GET "/assets/products.self-877aef30ae1b040ab8a3aba4e3e309a11d7f2612f44dde450b5c157aa5f95c05.js?body=1" for ::1 at 2015-08-12 15:15:49 -0700


Started GET "/assets/turbolinks.self-c37727e9bd6b2735da5c311aa83fead54ed0be6cc8bd9a65309e9c5abe2cbfff.js?body=1" for ::1 at 2015-08-12 15:15:49 -0700


Started GET "/assets/jquery_ujs.self-ca5248a2fad13d6bd58ea121318d642f195f0b2dd818b30615f785ff365e8d1f.js?body=1" for ::1 at 2015-08-12 15:15:49 -0700


Started GET "/assets/application.self-3b8dabdc891efe46b9a144b400ad69e37d7e5876bdc39dee783419a69d7ca819.js?body=1" for ::1 at 2015-08-12 15:15:49 -0700


Started GET "/products/1/edit" for ::1 at 2015-08-12 15:15:51 -0700
Processing by ProductsController#edit as HTML
  Parameters: {"id"=>"1"}
  [1m[36mProduct Load (0.3ms)[0m  [1mSELECT  "products".* FROM "products" WHERE "products"."id" = ? LIMIT 1[0m  [["id", 1]]
  Rendered products/edit.html.erb within layouts/application (1.0ms)
Completed 200 OK in 33ms (Views: 30.2ms | ActiveRecord: 0.3ms)


Started PATCH "/products/1" for ::1 at 2015-08-12 15:23:36 -0700
Processing by ProductsController#update as HTML
  Parameters: {"authenticity_token"=>"WZywZdtnhsfH5eIRFqSe4BvXoGPnze9CpzPF5d/VABHB8uDzWIVZ42VE0eqG1gSGUgtPI3ZRbVVr2nWbD4mUpg==", "product"=>{"name"=>"Macbook Air", "description"=>"Apple laptop", "pricing"=>"1000"}, "id"=>"1"}
  [1m[35mProduct Load (0.3ms)[0m  SELECT  "products".* FROM "products" WHERE "products"."id" = ? LIMIT 1  [["id", 1]]
  [1m[36m (0.2ms)[0m  [1mbegin transaction[0m
  [1m[35mSQL (0.3ms)[0m  UPDATE "products" SET "name" = ?, "pricing" = ?, "updated_at" = ? WHERE "products"."id" = ?  [["name", "Macbook Air"], ["pricing", 1000.0], ["updated_at", "2015-08-12 22:23:36.857962"], ["id", 1]]
  [1m[36m (11.3ms)[0m  [1mcommit transaction[0m
Redirected to http://localhost:3000/products
Completed 302 Found in 31ms (ActiveRecord: 12.6ms)


Started GET "/products" for ::1 at 2015-08-12 15:23:36 -0700
Processing by ProductsController#index as HTML
  [1m[35mProduct Load (0.2ms)[0m  SELECT "products".* FROM "products"
  Rendered products/index.html.erb within layouts/application (1.8ms)
Completed 200 OK in 46ms (Views: 43.7ms | ActiveRecord: 0.2ms)


Started GET "/products" for ::1 at 2015-08-12 15:28:20 -0700
Processing by ProductsController#index as HTML
  [1m[36mProduct Load (0.5ms)[0m  [1mSELECT "products".* FROM "products"[0m
  Rendered products/index.html.erb within layouts/application (10.8ms)
Completed 200 OK in 53ms (Views: 49.6ms | ActiveRecord: 0.8ms)


Started GET "/assets/application.self-e80e8f2318043e8af94dddc2adad5a4f09739a8ebb323b3ab31cd71d45fd9113.css?body=1" for ::1 at 2015-08-12 15:28:20 -0700


Started GET "/assets/jquery.self-d03a5518f45df77341bdbe6201ba3bfa547ebba8ed64f0ea56bfa5f96ea7c074.js?body=1" for ::1 at 2015-08-12 15:28:20 -0700


Started GET "/assets/products.self-e3b0c44298fc1c149afbf4c8996fb92427ae41e4649b934ca495991b7852b855.css?body=1" for ::1 at 2015-08-12 15:28:20 -0700


Started GET "/assets/jquery_ujs.self-ca5248a2fad13d6bd58ea121318d642f195f0b2dd818b30615f785ff365e8d1f.js?body=1" for ::1 at 2015-08-12 15:28:20 -0700


Started GET "/assets/turbolinks.self-c37727e9bd6b2735da5c311aa83fead54ed0be6cc8bd9a65309e9c5abe2cbfff.js?body=1" for ::1 at 2015-08-12 15:28:20 -0700


Started GET "/assets/products.self-877aef30ae1b040ab8a3aba4e3e309a11d7f2612f44dde450b5c157aa5f95c05.js?body=1" for ::1 at 2015-08-12 15:28:20 -0700


Started GET "/assets/application.self-3b8dabdc891efe46b9a144b400ad69e37d7e5876bdc39dee783419a69d7ca819.js?body=1" for ::1 at 2015-08-12 15:28:20 -0700


Started DELETE "/products/1" for ::1 at 2015-08-12 15:28:28 -0700
Processing by ProductsController#destroy as HTML
  Parameters: {"authenticity_token"=>"IFdt3uwE451oBP4qxINJOti6VT6HNunAdsRGb7Apote4OT1Ib+Y8ucqlzdFU8dNckWa6fhaqa9e6LfYRYHU2YA==", "id"=>"1"}
  [1m[35mProduct Load (0.2ms)[0m  SELECT  "products".* FROM "products" WHERE "products"."id" = ? LIMIT 1  [["id", 1]]
  [1m[36m (0.1ms)[0m  [1mbegin transaction[0m
  [1m[35mSQL (0.5ms)[0m  DELETE FROM "products" WHERE "products"."id" = ?  [["id", 1]]
  [1m[36m (0.8ms)[0m  [1mcommit transaction[0m
Redirected to http://localhost:3000/products
Completed 302 Found in 6ms (ActiveRecord: 1.6ms)


Started GET "/products" for ::1 at 2015-08-12 15:28:28 -0700
Processing by ProductsController#index as HTML
  [1m[35mProduct Load (0.2ms)[0m  SELECT "products".* FROM "products"
  Rendered products/index.html.erb within layouts/application (1.4ms)
Completed 200 OK in 37ms (Views: 36.3ms | ActiveRecord: 0.2ms)


Started DELETE "/products/2" for ::1 at 2015-08-12 15:28:30 -0700
Processing by ProductsController#destroy as HTML
  Parameters: {"authenticity_token"=>"VRo8IENXV0iNpYyXE0sdRgBBwmiJGm9xnCE/uxqlT7nNdGy2wLWIbC8Ev2yDOYcgSZ0tKBiG7WZQyI/FyvnbDg==", "id"=>"2"}
  [1m[36mProduct Load (0.2ms)[0m  [1mSELECT  "products".* FROM "products" WHERE "products"."id" = ? LIMIT 1[0m  [["id", 2]]
  [1m[35m (0.1ms)[0m  begin transaction
  [1m[36mSQL (0.3ms)[0m  [1mDELETE FROM "products" WHERE "products"."id" = ?[0m  [["id", 2]]
  [1m[35m (0.7ms)[0m  commit transaction
Redirected to http://localhost:3000/products
Completed 302 Found in 4ms (ActiveRecord: 1.2ms)


Started GET "/products" for ::1 at 2015-08-12 15:28:30 -0700
Processing by ProductsController#index as HTML
  [1m[36mProduct Load (0.2ms)[0m  [1mSELECT "products".* FROM "products"[0m
  Rendered products/index.html.erb within layouts/application (0.7ms)
Completed 200 OK in 31ms (Views: 29.7ms | ActiveRecord: 0.2ms)


Started GET "/products/new" for ::1 at 2015-08-12 15:28:31 -0700
Processing by ProductsController#new as HTML
  Rendered products/new.html.erb within layouts/application (0.9ms)
Completed 200 OK in 127ms (Views: 126.2ms | ActiveRecord: 0.0ms)


Started POST "/products" for ::1 at 2015-08-12 15:28:44 -0700
Processing by ProductsController#create as HTML
  Parameters: {"authenticity_token"=>"QZz+LLqeRnivDCaLpkBg0kfVv+0bwV7pKiWst5UpBvXZ8q66OXyZXA2tFXA2Mvq0DglQrYpd3P7mzBzJRXWSQg==", "product"=>{"name"=>"Macbook Pro", "description"=>"Apple Laptop", "pricing"=>"2999"}}
  [1m[35m (0.1ms)[0m  begin transaction
  [1m[36mSQL (0.6ms)[0m  [1mINSERT INTO "products" ("name", "description", "pricing", "created_at", "updated_at") VALUES (?, ?, ?, ?, ?)[0m  [["name", "Macbook Pro"], ["description", "Apple Laptop"], ["pricing", 2999.0], ["created_at", "2015-08-12 22:28:44.919141"], ["updated_at", "2015-08-12 22:28:44.919141"]]
  [1m[35m (0.8ms)[0m  commit transaction
Redirected to http://localhost:3000/products
Completed 302 Found in 7ms (ActiveRecord: 1.5ms)


Started GET "/products" for ::1 at 2015-08-12 15:28:44 -0700
Processing by ProductsController#index as HTML
  [1m[36mProduct Load (0.1ms)[0m  [1mSELECT "products".* FROM "products"[0m
  Rendered products/index.html.erb within layouts/application (1.2ms)
Completed 200 OK in 34ms (Views: 32.9ms | ActiveRecord: 0.1ms)


Started GET "/products/3/edit" for ::1 at 2015-08-12 15:28:46 -0700
Processing by ProductsController#edit as HTML
  Parameters: {"id"=>"3"}
  [1m[35mProduct Load (0.1ms)[0m  SELECT  "products".* FROM "products" WHERE "products"."id" = ? LIMIT 1  [["id", 3]]
  Rendered products/edit.html.erb within layouts/application (1.2ms)
Completed 200 OK in 42ms (Views: 41.2ms | ActiveRecord: 0.1ms)


Started PATCH "/products/3" for ::1 at 2015-08-12 15:28:50 -0700
Processing by ProductsController#update as HTML
  Parameters: {"authenticity_token"=>"ddnmTTCsQCGmSiTL4f/ngemTM98GiDJQ8D3zGmTiYtPtt7bbs06fBQTrFzBxjX3noE/cn5cUsEc81ENktL72ZA==", "product"=>{"name"=>"Macbook Pro", "description"=>"Apple Laptop", "pricing"=>"3500"}, "id"=>"3"}
  [1m[36mProduct Load (0.2ms)[0m  [1mSELECT  "products".* FROM "products" WHERE "products"."id" = ? LIMIT 1[0m  [["id", 3]]
  [1m[35m (0.1ms)[0m  begin transaction
  [1m[36mSQL (0.5ms)[0m  [1mUPDATE "products" SET "pricing" = ?, "updated_at" = ? WHERE "products"."id" = ?[0m  [["pricing", 3500.0], ["updated_at", "2015-08-12 22:28:50.774206"], ["id", 3]]
  [1m[35m (9.1ms)[0m  commit transaction
Redirected to http://localhost:3000/products
Completed 302 Found in 17ms (ActiveRecord: 9.9ms)


Started GET "/products" for ::1 at 2015-08-12 15:28:50 -0700
Processing by ProductsController#index as HTML
  [1m[36mProduct Load (0.2ms)[0m  [1mSELECT "products".* FROM "products"[0m
  Rendered products/index.html.erb within layouts/application (1.9ms)
Completed 200 OK in 34ms (Views: 32.7ms | ActiveRecord: 0.2ms)


Started GET "/products/3" for ::1 at 2015-08-12 15:28:52 -0700
Processing by ProductsController#show as HTML
  Parameters: {"id"=>"3"}
  [1m[35mProduct Load (0.1ms)[0m  SELECT  "products".* FROM "products" WHERE "products"."id" = ? LIMIT 1  [["id", 3]]
  Rendered products/show.html.erb within layouts/application (0.6ms)
Completed 200 OK in 47ms (Views: 46.4ms | ActiveRecord: 0.1ms)
  [1m[36mActiveRecord::SchemaMigration Load (0.6ms)[0m  [1mSELECT "schema_migrations".* FROM "schema_migrations"[0m
Migrating to CreateCategories (20150813033900)
  [1m[35m (0.1ms)[0m  begin transaction
  [1m[36m (0.4ms)[0m  [1mCREATE TABLE "categories" ("id" INTEGER PRIMARY KEY AUTOINCREMENT NOT NULL, "name" varchar, "created_at" datetime NOT NULL, "updated_at" datetime NOT NULL) [0m
  [1m[35mSQL (0.3ms)[0m  INSERT INTO "schema_migrations" ("version") VALUES (?)  [["version", "20150813033900"]]
  [1m[36m (2.8ms)[0m  [1mcommit transaction[0m
  [1m[35mActiveRecord::SchemaMigration Load (0.1ms)[0m  SELECT "schema_migrations".* FROM "schema_migrations"
  [1m[36mActiveRecord::SchemaMigration Load (0.5ms)[0m  [1mSELECT "schema_migrations".* FROM "schema_migrations"[0m
Migrating to AddCategoryToProducts (20150813034018)
  [1m[35m (0.3ms)[0m  begin transaction
  [1m[36m (1.8ms)[0m  [1mALTER TABLE "products" ADD "category_id" integer[0m
  [1m[35m (0.2ms)[0m  select sqlite_version(*)
  [1m[36m (1.4ms)[0m  [1mCREATE  INDEX "index_products_on_category_id" ON "products" ("category_id")[0m
  [1m[35mSQL (0.2ms)[0m  INSERT INTO "schema_migrations" ("version") VALUES (?)  [["version", "20150813034018"]]
  [1m[36m (0.8ms)[0m  [1mcommit transaction[0m
  [1m[35mActiveRecord::SchemaMigration Load (0.2ms)[0m  SELECT "schema_migrations".* FROM "schema_migrations"
  [1m[36m (0.2ms)[0m  [1m            SELECT sql
            FROM sqlite_master
            WHERE name='index_products_on_category_id' AND type='index'
            UNION ALL
            SELECT sql
            FROM sqlite_temp_master
            WHERE name='index_products_on_category_id' AND type='index'
[0m
  [1m[36m (0.2ms)[0m  [1mbegin transaction[0m
  [1m[35mSQL (1.0ms)[0m  INSERT INTO "categories" ("name", "created_at", "updated_at") VALUES (?, ?, ?)  [["name", "Electronics"], ["created_at", "2015-08-13 03:42:54.260906"], ["updated_at", "2015-08-13 03:42:54.260906"]]
  [1m[36m (0.9ms)[0m  [1mcommit transaction[0m
  [1m[35m (0.1ms)[0m  begin transaction
  [1m[36mSQL (0.3ms)[0m  [1mINSERT INTO "categories" ("name", "created_at", "updated_at") VALUES (?, ?, ?)[0m  [["name", "Household"], ["created_at", "2015-08-13 03:43:02.005942"], ["updated_at", "2015-08-13 03:43:02.005942"]]
  [1m[35m (9.2ms)[0m  commit transaction
  [1m[36m (0.2ms)[0m  [1mbegin transaction[0m
  [1m[35mSQL (0.4ms)[0m  INSERT INTO "categories" ("name", "created_at", "updated_at") VALUES (?, ?, ?)  [["name", "Gradening"], ["created_at", "2015-08-13 03:43:07.400406"], ["updated_at", "2015-08-13 03:43:07.400406"]]
  [1m[36m (5.5ms)[0m  [1mcommit transaction[0m
  [1m[35m (0.1ms)[0m  begin transaction
  [1m[36mSQL (0.4ms)[0m  [1mINSERT INTO "categories" ("name", "created_at", "updated_at") VALUES (?, ?, ?)[0m  [["name", "Automotive"], ["created_at", "2015-08-13 03:43:14.033684"], ["updated_at", "2015-08-13 03:43:14.033684"]]
  [1m[35m (11.4ms)[0m  commit transaction
  [1m[36m (0.1ms)[0m  [1mbegin transaction[0m
  [1m[35mSQL (0.4ms)[0m  INSERT INTO "categories" ("name", "created_at", "updated_at") VALUES (?, ?, ?)  [["name", "Ninjas"], ["created_at", "2015-08-13 03:43:18.465459"], ["updated_at", "2015-08-13 03:43:18.465459"]]
  [1m[36m (3.7ms)[0m  [1mcommit transaction[0m
  [1m[35mCategory Load (0.5ms)[0m  SELECT "categories".* FROM "categories"


Started GET "/" for ::1 at 2015-08-12 21:08:44 -0700
  [1m[36mActiveRecord::SchemaMigration Load (0.6ms)[0m  [1mSELECT "schema_migrations".* FROM "schema_migrations"[0m
Processing by Rails::WelcomeController#index as HTML
  Rendered /Users/eduardobaik/.rvm/gems/ruby-2.0.0-p576/gems/railties-4.2.1/lib/rails/templates/rails/welcome/index.html.erb (2.0ms)
Completed 200 OK in 27ms (Views: 11.0ms | ActiveRecord: 0.0ms)


Started GET "/products/2/edit" for ::1 at 2015-08-12 21:08:49 -0700
Processing by ProductsController#edit as HTML
  Parameters: {"id"=>"2"}
  [1m[35mProduct Load (0.5ms)[0m  SELECT  "products".* FROM "products" WHERE "products"."id" = ? LIMIT 1  [["id", 2]]
Completed 404 Not Found in 23ms (ActiveRecord: 1.1ms)

ActiveRecord::RecordNotFound (Couldn't find Product with 'id'=2):
  app/controllers/products_controller.rb:24:in `edit'


  Rendered /Users/eduardobaik/.rvm/gems/ruby-2.0.0-p576/gems/actionpack-4.2.1/lib/action_dispatch/middleware/templates/rescues/_source.erb (9.1ms)
  Rendered /Users/eduardobaik/.rvm/gems/ruby-2.0.0-p576/gems/actionpack-4.2.1/lib/action_dispatch/middleware/templates/rescues/_trace.html.erb (2.8ms)
  Rendered /Users/eduardobaik/.rvm/gems/ruby-2.0.0-p576/gems/actionpack-4.2.1/lib/action_dispatch/middleware/templates/rescues/_request_and_response.html.erb (1.0ms)
  Rendered /Users/eduardobaik/.rvm/gems/ruby-2.0.0-p576/gems/actionpack-4.2.1/lib/action_dispatch/middleware/templates/rescues/diagnostics.html.erb within rescues/layout (34.0ms)
  Rendered /Users/eduardobaik/.rvm/gems/ruby-2.0.0-p576/gems/web-console-2.2.1/lib/web_console/templates/_markup.html.erb (0.7ms)
  Rendered /Users/eduardobaik/.rvm/gems/ruby-2.0.0-p576/gems/web-console-2.2.1/lib/web_console/templates/_inner_console_markup.html.erb within layouts/inlined_string (0.4ms)
  Rendered /Users/eduardobaik/.rvm/gems/ruby-2.0.0-p576/gems/web-console-2.2.1/lib/web_console/templates/_prompt_box_markup.html.erb within layouts/inlined_string (0.7ms)
  Rendered /Users/eduardobaik/.rvm/gems/ruby-2.0.0-p576/gems/web-console-2.2.1/lib/web_console/templates/style.css.erb within layouts/inlined_string (0.5ms)
  Rendered /Users/eduardobaik/.rvm/gems/ruby-2.0.0-p576/gems/web-console-2.2.1/lib/web_console/templates/console.js.erb within layouts/javascript (28.8ms)
  Rendered /Users/eduardobaik/.rvm/gems/ruby-2.0.0-p576/gems/web-console-2.2.1/lib/web_console/templates/main.js.erb within layouts/javascript (0.4ms)
  Rendered /Users/eduardobaik/.rvm/gems/ruby-2.0.0-p576/gems/web-console-2.2.1/lib/web_console/templates/error_page.js.erb within layouts/javascript (0.7ms)
  Rendered /Users/eduardobaik/.rvm/gems/ruby-2.0.0-p576/gems/web-console-2.2.1/lib/web_console/templates/index.html.erb (64.5ms)


Started GET "/products" for ::1 at 2015-08-12 21:08:52 -0700
Processing by ProductsController#index as HTML
  [1m[36mProduct Load (0.2ms)[0m  [1mSELECT "products".* FROM "products"[0m
  Rendered products/index.html.erb within layouts/application (20.7ms)
Completed 200 OK in 617ms (Views: 615.9ms | ActiveRecord: 0.2ms)


Started GET "/products" for ::1 at 2015-08-12 21:09:02 -0700
Processing by ProductsController#index as HTML
  [1m[35mProduct Load (0.2ms)[0m  SELECT "products".* FROM "products"
  Rendered products/index.html.erb within layouts/application (2.3ms)
Completed 200 OK in 33ms (Views: 31.8ms | ActiveRecord: 0.2ms)


Started GET "/assets/application.self-e80e8f2318043e8af94dddc2adad5a4f09739a8ebb323b3ab31cd71d45fd9113.css?body=1" for ::1 at 2015-08-12 21:09:02 -0700


Started GET "/assets/jquery_ujs.self-ca5248a2fad13d6bd58ea121318d642f195f0b2dd818b30615f785ff365e8d1f.js?body=1" for ::1 at 2015-08-12 21:09:02 -0700


Started GET "/assets/application.self-3b8dabdc891efe46b9a144b400ad69e37d7e5876bdc39dee783419a69d7ca819.js?body=1" for ::1 at 2015-08-12 21:09:03 -0700


Started GET "/assets/jquery.self-d03a5518f45df77341bdbe6201ba3bfa547ebba8ed64f0ea56bfa5f96ea7c074.js?body=1" for ::1 at 2015-08-12 21:09:03 -0700


Started GET "/assets/turbolinks.self-c37727e9bd6b2735da5c311aa83fead54ed0be6cc8bd9a65309e9c5abe2cbfff.js?body=1" for ::1 at 2015-08-12 21:09:03 -0700


Started GET "/assets/products.self-e3b0c44298fc1c149afbf4c8996fb92427ae41e4649b934ca495991b7852b855.css?body=1" for ::1 at 2015-08-12 21:09:03 -0700


Started GET "/assets/products.self-877aef30ae1b040ab8a3aba4e3e309a11d7f2612f44dde450b5c157aa5f95c05.js?body=1" for ::1 at 2015-08-12 21:09:03 -0700


Started GET "/products" for ::1 at 2015-08-12 21:11:17 -0700
Processing by ProductsController#index as HTML
  [1m[36mProduct Load (0.2ms)[0m  [1mSELECT "products".* FROM "products"[0m
  Rendered products/index.html.erb within layouts/application (21.7ms)
Completed 500 Internal Server Error in 24ms (ActiveRecord: 0.2ms)

ActionView::Template::Error (undefined method `name' for nil:NilClass):
    15:       <td><%= product.name %></td>
    16:       <td><%= product.description %></td>
    17:       <td><%= number_to_currency(product.pricing) %></td>
    18:       <td><%= product.category.name %></td>
    19:       <td>
    20:         <a href="/products/<%= product.id %>">Show</a> | 
    21:         <a href="/products/<%= product.id %>/edit">Edit</a> |
  app/views/products/index.html.erb:18:in `block in _app_views_products_index_html_erb__1496622881716710906_70331609470460'
  app/views/products/index.html.erb:13:in `_app_views_products_index_html_erb__1496622881716710906_70331609470460'


  Rendered /Users/eduardobaik/.rvm/gems/ruby-2.0.0-p576/gems/actionpack-4.2.1/lib/action_dispatch/middleware/templates/rescues/_source.erb (8.9ms)
  Rendered /Users/eduardobaik/.rvm/gems/ruby-2.0.0-p576/gems/actionpack-4.2.1/lib/action_dispatch/middleware/templates/rescues/_trace.html.erb (3.1ms)
  Rendered /Users/eduardobaik/.rvm/gems/ruby-2.0.0-p576/gems/actionpack-4.2.1/lib/action_dispatch/middleware/templates/rescues/_request_and_response.html.erb (1.4ms)
  Rendered /Users/eduardobaik/.rvm/gems/ruby-2.0.0-p576/gems/actionpack-4.2.1/lib/action_dispatch/middleware/templates/rescues/template_error.html.erb within rescues/layout (32.7ms)
  Rendered /Users/eduardobaik/.rvm/gems/ruby-2.0.0-p576/gems/web-console-2.2.1/lib/web_console/templates/_markup.html.erb (0.5ms)
  Rendered /Users/eduardobaik/.rvm/gems/ruby-2.0.0-p576/gems/web-console-2.2.1/lib/web_console/templates/_inner_console_markup.html.erb within layouts/inlined_string (0.6ms)
  Rendered /Users/eduardobaik/.rvm/gems/ruby-2.0.0-p576/gems/web-console-2.2.1/lib/web_console/templates/_prompt_box_markup.html.erb within layouts/inlined_string (0.4ms)
  Rendered /Users/eduardobaik/.rvm/gems/ruby-2.0.0-p576/gems/web-console-2.2.1/lib/web_console/templates/style.css.erb within layouts/inlined_string (0.5ms)
  Rendered /Users/eduardobaik/.rvm/gems/ruby-2.0.0-p576/gems/web-console-2.2.1/lib/web_console/templates/console.js.erb within layouts/javascript (28.9ms)
  Rendered /Users/eduardobaik/.rvm/gems/ruby-2.0.0-p576/gems/web-console-2.2.1/lib/web_console/templates/main.js.erb within layouts/javascript (0.4ms)
  Rendered /Users/eduardobaik/.rvm/gems/ruby-2.0.0-p576/gems/web-console-2.2.1/lib/web_console/templates/error_page.js.erb within layouts/javascript (0.6ms)
  Rendered /Users/eduardobaik/.rvm/gems/ruby-2.0.0-p576/gems/web-console-2.2.1/lib/web_console/templates/index.html.erb (129.0ms)
  [1m[36mProduct Load (9.4ms)[0m  [1mSELECT "products".* FROM "products"[0m
  [1m[35mCategory Load (0.7ms)[0m  SELECT "categories".* FROM "categories"
  [1m[36mProduct Load (0.3ms)[0m  [1mSELECT  "products".* FROM "products"  ORDER BY "products"."id" ASC LIMIT 1[0m
  [1m[35mCategory Load (0.2ms)[0m  SELECT  "categories".* FROM "categories"  ORDER BY "categories"."id" ASC LIMIT 1
  [1m[36mProduct Load (0.5ms)[0m  [1mSELECT  "products".* FROM "products"  ORDER BY "products"."id" ASC LIMIT 1[0m
  [1m[35mProduct Load (0.3ms)[0m  SELECT  "products".* FROM "products"  ORDER BY "products"."id" ASC LIMIT 1
  [1m[36mCategory Load (0.2ms)[0m  [1mSELECT  "categories".* FROM "categories"  ORDER BY "categories"."id" ASC LIMIT 1[0m
  [1m[35mProduct Load (0.1ms)[0m  SELECT  "products".* FROM "products"  ORDER BY "products"."id" ASC LIMIT 1
  [1m[36mCategory Load (0.2ms)[0m  [1mSELECT  "categories".* FROM "categories"  ORDER BY "categories"."id" ASC LIMIT 1[0m
  [1m[36mProduct Load (0.3ms)[0m  [1mSELECT  "products".* FROM "products"  ORDER BY "products"."id" ASC LIMIT 1[0m
  [1m[35mProduct Load (0.4ms)[0m  SELECT  "products".* FROM "products"  ORDER BY "products"."id" ASC LIMIT 1
  [1m[36mProduct Load (0.3ms)[0m  [1mSELECT  "products".* FROM "products"  ORDER BY "products"."id" ASC LIMIT 1[0m
  [1m[35mCategory Load (0.2ms)[0m  SELECT  "categories".* FROM "categories"  ORDER BY "categories"."id" ASC LIMIT 1
  [1m[36m (0.2ms)[0m  [1mbegin transaction[0m
  [1m[35mSQL (1.0ms)[0m  UPDATE "products" SET "category_id" = ?, "updated_at" = ? WHERE "products"."id" = ?  [["category_id", 1], ["updated_at", "2015-08-13 04:14:02.206307"], ["id", 3]]
  [1m[36m (1.0ms)[0m  [1mcommit transaction[0m
  [1m[35mProduct Load (0.5ms)[0m  SELECT  "products".* FROM "products"  ORDER BY "products"."id" ASC LIMIT 1


Started GET "/products" for ::1 at 2015-08-12 21:14:11 -0700
Processing by ProductsController#index as HTML
  [1m[35mProduct Load (0.2ms)[0m  SELECT "products".* FROM "products"
  [1m[36mCategory Load (0.1ms)[0m  [1mSELECT  "categories".* FROM "categories" WHERE "categories"."id" = ? LIMIT 1[0m  [["id", 1]]
  Rendered products/index.html.erb within layouts/application (12.0ms)
Completed 200 OK in 59ms (Views: 57.6ms | ActiveRecord: 0.6ms)


Started GET "/assets/products.self-e3b0c44298fc1c149afbf4c8996fb92427ae41e4649b934ca495991b7852b855.css?body=1" for ::1 at 2015-08-12 21:14:12 -0700


Started GET "/assets/application.self-e80e8f2318043e8af94dddc2adad5a4f09739a8ebb323b3ab31cd71d45fd9113.css?body=1" for ::1 at 2015-08-12 21:14:12 -0700


Started GET "/assets/jquery.self-d03a5518f45df77341bdbe6201ba3bfa547ebba8ed64f0ea56bfa5f96ea7c074.js?body=1" for ::1 at 2015-08-12 21:14:12 -0700


Started GET "/assets/jquery_ujs.self-ca5248a2fad13d6bd58ea121318d642f195f0b2dd818b30615f785ff365e8d1f.js?body=1" for ::1 at 2015-08-12 21:14:12 -0700


Started GET "/assets/turbolinks.self-c37727e9bd6b2735da5c311aa83fead54ed0be6cc8bd9a65309e9c5abe2cbfff.js?body=1" for ::1 at 2015-08-12 21:14:12 -0700


Started GET "/assets/products.self-877aef30ae1b040ab8a3aba4e3e309a11d7f2612f44dde450b5c157aa5f95c05.js?body=1" for ::1 at 2015-08-12 21:14:12 -0700


Started GET "/assets/application.self-3b8dabdc891efe46b9a144b400ad69e37d7e5876bdc39dee783419a69d7ca819.js?body=1" for ::1 at 2015-08-12 21:14:12 -0700


Started GET "/products/new" for ::1 at 2015-08-12 21:14:40 -0700
Processing by ProductsController#new as HTML
  Rendered products/new.html.erb within layouts/application (1.2ms)
Completed 200 OK in 36ms (Views: 34.9ms | ActiveRecord: 0.0ms)


Started GET "/products/new" for ::1 at 2015-08-12 21:18:23 -0700
Processing by ProductsController#new as HTML
  [1m[35mCategory Load (0.9ms)[0m  SELECT "categories".* FROM "categories"
  Rendered products/new.html.erb within layouts/application (18.0ms)
Completed 200 OK in 288ms (Views: 268.6ms | ActiveRecord: 1.2ms)


Started GET "/products/3" for ::1 at 2015-08-12 21:20:45 -0700
Processing by ProductsController#show as HTML
  Parameters: {"id"=>"3"}
  [1m[36mProduct Load (0.2ms)[0m  [1mSELECT  "products".* FROM "products" WHERE "products"."id" = ? LIMIT 1[0m  [["id", 3]]
  Rendered products/show.html.erb within layouts/application (1.4ms)
Completed 200 OK in 63ms (Views: 48.2ms | ActiveRecord: 0.5ms)


Started GET "/products/3" for ::1 at 2015-08-12 21:30:42 -0700
Processing by ProductsController#show as HTML
  Parameters: {"id"=>"3"}
  [1m[35mProduct Load (0.2ms)[0m  SELECT  "products".* FROM "products" WHERE "products"."id" = ? LIMIT 1  [["id", 3]]
  [1m[36mCategory Load (0.2ms)[0m  [1mSELECT  "categories".* FROM "categories" WHERE "categories"."id" = ? LIMIT 1[0m  [["id", 1]]
  Rendered products/show.html.erb within layouts/application (4.9ms)
Completed 200 OK in 44ms (Views: 42.1ms | ActiveRecord: 0.4ms)


Started GET "/products/3" for ::1 at 2015-08-12 21:31:13 -0700
Processing by ProductsController#show as HTML
  Parameters: {"id"=>"3"}
  [1m[35mProduct Load (0.1ms)[0m  SELECT  "products".* FROM "products" WHERE "products"."id" = ? LIMIT 1  [["id", 3]]
  [1m[36mCategory Load (0.2ms)[0m  [1mSELECT  "categories".* FROM "categories" WHERE "categories"."id" = ? LIMIT 1[0m  [["id", 1]]
  Rendered products/show.html.erb within layouts/application (3.4ms)
Completed 200 OK in 34ms (Views: 31.7ms | ActiveRecord: 0.3ms)


Started GET "/assets/application.self-e80e8f2318043e8af94dddc2adad5a4f09739a8ebb323b3ab31cd71d45fd9113.css?body=1" for ::1 at 2015-08-12 21:31:13 -0700


Started GET "/assets/products.self-e3b0c44298fc1c149afbf4c8996fb92427ae41e4649b934ca495991b7852b855.css?body=1" for ::1 at 2015-08-12 21:31:13 -0700


Started GET "/assets/jquery_ujs.self-ca5248a2fad13d6bd58ea121318d642f195f0b2dd818b30615f785ff365e8d1f.js?body=1" for ::1 at 2015-08-12 21:31:13 -0700


Started GET "/assets/jquery.self-d03a5518f45df77341bdbe6201ba3bfa547ebba8ed64f0ea56bfa5f96ea7c074.js?body=1" for ::1 at 2015-08-12 21:31:13 -0700


Started GET "/assets/turbolinks.self-c37727e9bd6b2735da5c311aa83fead54ed0be6cc8bd9a65309e9c5abe2cbfff.js?body=1" for ::1 at 2015-08-12 21:31:13 -0700


Started GET "/assets/products.self-877aef30ae1b040ab8a3aba4e3e309a11d7f2612f44dde450b5c157aa5f95c05.js?body=1" for ::1 at 2015-08-12 21:31:13 -0700


Started GET "/assets/application.self-3b8dabdc891efe46b9a144b400ad69e37d7e5876bdc39dee783419a69d7ca819.js?body=1" for ::1 at 2015-08-12 21:31:13 -0700


Started GET "/products/3" for ::1 at 2015-08-12 21:33:02 -0700
Processing by ProductsController#show as HTML
  Parameters: {"id"=>"3"}
  [1m[35mProduct Load (0.3ms)[0m  SELECT  "products".* FROM "products" WHERE "products"."id" = ? LIMIT 1  [["id", 3]]
  [1m[36mCategory Load (0.2ms)[0m  [1mSELECT  "categories".* FROM "categories" WHERE "categories"."id" = ? LIMIT 1[0m  [["id", 1]]
  Rendered products/show.html.erb within layouts/application (4.1ms)
Completed 200 OK in 166ms (Views: 163.7ms | ActiveRecord: 0.5ms)


Started GET "/assets/application.self-e80e8f2318043e8af94dddc2adad5a4f09739a8ebb323b3ab31cd71d45fd9113.css?body=1" for ::1 at 2015-08-12 21:33:03 -0700


Started GET "/assets/jquery_ujs.self-ca5248a2fad13d6bd58ea121318d642f195f0b2dd818b30615f785ff365e8d1f.js?body=1" for ::1 at 2015-08-12 21:33:03 -0700


Started GET "/assets/jquery.self-d03a5518f45df77341bdbe6201ba3bfa547ebba8ed64f0ea56bfa5f96ea7c074.js?body=1" for ::1 at 2015-08-12 21:33:03 -0700


Started GET "/assets/turbolinks.self-c37727e9bd6b2735da5c311aa83fead54ed0be6cc8bd9a65309e9c5abe2cbfff.js?body=1" for ::1 at 2015-08-12 21:33:03 -0700


Started GET "/assets/products.self-877aef30ae1b040ab8a3aba4e3e309a11d7f2612f44dde450b5c157aa5f95c05.js?body=1" for ::1 at 2015-08-12 21:33:03 -0700


Started GET "/assets/products.self-e3b0c44298fc1c149afbf4c8996fb92427ae41e4649b934ca495991b7852b855.css?body=1" for ::1 at 2015-08-12 21:33:03 -0700


Started GET "/assets/application.self-3b8dabdc891efe46b9a144b400ad69e37d7e5876bdc39dee783419a69d7ca819.js?body=1" for ::1 at 2015-08-12 21:33:03 -0700


Started GET "/products" for ::1 at 2015-08-12 21:33:05 -0700
Processing by ProductsController#index as HTML
  [1m[35mProduct Load (0.3ms)[0m  SELECT "products".* FROM "products"
  [1m[36mCategory Load (0.2ms)[0m  [1mSELECT  "categories".* FROM "categories" WHERE "categories"."id" = ? LIMIT 1[0m  [["id", 1]]
  Rendered products/index.html.erb within layouts/application (5.9ms)
Completed 200 OK in 59ms (Views: 57.2ms | ActiveRecord: 0.5ms)


Started GET "/products" for ::1 at 2015-08-12 22:08:32 -0700
Processing by ProductsController#index as HTML
  [1m[35mProduct Load (0.8ms)[0m  SELECT "products".* FROM "products"
  [1m[36mCategory Load (0.3ms)[0m  [1mSELECT  "categories".* FROM "categories" WHERE "categories"."id" = ? LIMIT 1[0m  [["id", 1]]
  Rendered products/index.html.erb within layouts/application (47.7ms)
Completed 200 OK in 129ms (Views: 111.4ms | ActiveRecord: 2.1ms)


Started GET "/assets/application.self-e80e8f2318043e8af94dddc2adad5a4f09739a8ebb323b3ab31cd71d45fd9113.css?body=1" for ::1 at 2015-08-12 22:08:32 -0700


Started GET "/assets/turbolinks.self-c37727e9bd6b2735da5c311aa83fead54ed0be6cc8bd9a65309e9c5abe2cbfff.js?body=1" for ::1 at 2015-08-12 22:08:32 -0700


Started GET "/assets/application.self-3b8dabdc891efe46b9a144b400ad69e37d7e5876bdc39dee783419a69d7ca819.js?body=1" for ::1 at 2015-08-12 22:08:32 -0700


Started GET "/assets/jquery.self-d03a5518f45df77341bdbe6201ba3bfa547ebba8ed64f0ea56bfa5f96ea7c074.js?body=1" for ::1 at 2015-08-12 22:08:32 -0700


Started GET "/assets/jquery_ujs.self-ca5248a2fad13d6bd58ea121318d642f195f0b2dd818b30615f785ff365e8d1f.js?body=1" for ::1 at 2015-08-12 22:08:32 -0700


Started GET "/assets/products.self-877aef30ae1b040ab8a3aba4e3e309a11d7f2612f44dde450b5c157aa5f95c05.js?body=1" for ::1 at 2015-08-12 22:08:32 -0700


Started GET "/assets/products.self-e3b0c44298fc1c149afbf4c8996fb92427ae41e4649b934ca495991b7852b855.css?body=1" for ::1 at 2015-08-12 22:08:32 -0700


Started GET "/products/new" for ::1 at 2015-08-12 22:08:34 -0700
Processing by ProductsController#new as HTML
  [1m[35mCategory Load (0.3ms)[0m  SELECT "categories".* FROM "categories"
  Rendered products/new.html.erb within layouts/application (3.2ms)
Completed 200 OK in 34ms (Views: 32.4ms | ActiveRecord: 0.3ms)


Started POST "/products" for ::1 at 2015-08-12 22:08:50 -0700
Processing by ProductsController#create as HTML
  Parameters: {"authenticity_token"=>"UMbDVwCVgPGt67jkmWwDtfGdTW3oCFJdXFiIUwyak/jIqJPBg3df1Q9Kix8JHpnTuEGiLXmU0EqQsTgt3MYHTw==", "product"=>{"name"=>"Pillow", "category"=>"2", "description"=>"Sleep better", "pricing"=>"10"}}
  [1m[36mCategory Load (0.3ms)[0m  [1mSELECT  "categories".* FROM "categories" WHERE "categories"."id" = ? LIMIT 1[0m  [["id", 2]]
  [1m[35m (0.2ms)[0m  begin transaction
  [1m[36mSQL (0.7ms)[0m  [1mINSERT INTO "products" ("name", "description", "pricing", "category_id", "created_at", "updated_at") VALUES (?, ?, ?, ?, ?, ?)[0m  [["name", "Pillow"], ["description", "Sleep better"], ["pricing", 10.0], ["category_id", 2], ["created_at", "2015-08-13 05:08:50.667932"], ["updated_at", "2015-08-13 05:08:50.667932"]]
  [1m[35m (5.4ms)[0m  commit transaction
Redirected to http://localhost:3000/products
Completed 302 Found in 21ms (ActiveRecord: 6.7ms)


Started GET "/products" for ::1 at 2015-08-12 22:08:50 -0700
Processing by ProductsController#index as HTML
  [1m[36mProduct Load (0.2ms)[0m  [1mSELECT "products".* FROM "products"[0m
  [1m[35mCategory Load (0.1ms)[0m  SELECT  "categories".* FROM "categories" WHERE "categories"."id" = ? LIMIT 1  [["id", 1]]
  [1m[36mCategory Load (0.1ms)[0m  [1mSELECT  "categories".* FROM "categories" WHERE "categories"."id" = ? LIMIT 1[0m  [["id", 2]]
  Rendered products/index.html.erb within layouts/application (3.6ms)
Completed 200 OK in 50ms (Views: 48.5ms | ActiveRecord: 0.4ms)


Started GET "/products/3/edit" for ::1 at 2015-08-12 22:27:27 -0700
Processing by ProductsController#edit as HTML
  Parameters: {"id"=>"3"}
  [1m[35mProduct Load (0.3ms)[0m  SELECT  "products".* FROM "products" WHERE "products"."id" = ? LIMIT 1  [["id", 3]]
  [1m[36mCategory Load (0.3ms)[0m  [1mSELECT "categories".* FROM "categories"[0m
  [1m[35mCategory Load (0.2ms)[0m  SELECT  "categories".* FROM "categories" WHERE "categories"."id" = ? LIMIT 1  [["id", 1]]
  Rendered products/edit.html.erb within layouts/application (19.8ms)
Completed 200 OK in 117ms (Views: 77.4ms | ActiveRecord: 2.4ms)


Started GET "/products/4/edit" for ::1 at 2015-08-12 22:27:34 -0700
Processing by ProductsController#edit as HTML
  Parameters: {"id"=>"4"}
  [1m[36mProduct Load (0.1ms)[0m  [1mSELECT  "products".* FROM "products" WHERE "products"."id" = ? LIMIT 1[0m  [["id", 4]]
  [1m[35mCategory Load (0.2ms)[0m  SELECT "categories".* FROM "categories"
  [1m[36mCategory Load (0.1ms)[0m  [1mSELECT  "categories".* FROM "categories" WHERE "categories"."id" = ? LIMIT 1[0m  [["id", 2]]
  Rendered products/edit.html.erb within layouts/application (1.8ms)
Completed 200 OK in 227ms (Views: 225.5ms | ActiveRecord: 0.5ms)


Started GET "/products/3/edit" for ::1 at 2015-08-12 22:37:26 -0700
Processing by ProductsController#edit as HTML
  Parameters: {"id"=>"3"}
  [1m[35mProduct Load (0.3ms)[0m  SELECT  "products".* FROM "products" WHERE "products"."id" = ? LIMIT 1  [["id", 3]]
  [1m[36mCategory Load (0.3ms)[0m  [1mSELECT "categories".* FROM "categories"[0m
  [1m[35mCategory Load (0.2ms)[0m  SELECT  "categories".* FROM "categories" WHERE "categories"."id" = ? LIMIT 1  [["id", 1]]
  Rendered products/edit.html.erb within layouts/application (15.6ms)
Completed 200 OK in 120ms (Views: 78.2ms | ActiveRecord: 2.4ms)


Started PATCH "/products/3" for ::1 at 2015-08-12 22:37:41 -0700
Processing by ProductsController#update as HTML
  Parameters: {"authenticity_token"=>"ZxlEgDo7ekkiDVBLLxOGn/o03GvXFmcm/4/tUfvdKPP/dxQWudmlbYCsY7C/YRz5s+gzK0aK5TEzZl0vK4G8RA==", "product"=>{"category"=>"3", "name"=>"Hose", "description"=>"Water down your plants", "pricing"=>"15"}, "id"=>"3"}
  [1m[36mCategory Load (0.2ms)[0m  [1mSELECT  "categories".* FROM "categories" WHERE "categories"."id" = ? LIMIT 1[0m  [["id", 3]]
  [1m[35mProduct Load (0.5ms)[0m  SELECT  "products".* FROM "products" WHERE "products"."id" = ? LIMIT 1  [["id", 3]]
  [1m[36m (0.2ms)[0m  [1mbegin transaction[0m
  [1m[35mSQL (1.1ms)[0m  UPDATE "products" SET "name" = ?, "description" = ?, "pricing" = ?, "category_id" = ?, "updated_at" = ? WHERE "products"."id" = ?  [["name", "Hose"], ["description", "Water down your plants"], ["pricing", 15.0], ["category_id", 3], ["updated_at", "2015-08-13 05:37:41.624126"], ["id", 3]]
  [1m[36m (6.2ms)[0m  [1mcommit transaction[0m
Redirected to http://localhost:3000/products
Completed 302 Found in 32ms (ActiveRecord: 8.2ms)


Started GET "/products" for ::1 at 2015-08-12 22:37:41 -0700
Processing by ProductsController#index as HTML
  [1m[35mProduct Load (0.2ms)[0m  SELECT "products".* FROM "products"
  [1m[36mCategory Load (0.3ms)[0m  [1mSELECT  "categories".* FROM "categories" WHERE "categories"."id" = ? LIMIT 1[0m  [["id", 3]]
  [1m[35mCategory Load (0.2ms)[0m  SELECT  "categories".* FROM "categories" WHERE "categories"."id" = ? LIMIT 1  [["id", 2]]
  Rendered products/index.html.erb within layouts/application (6.1ms)
Completed 200 OK in 49ms (Views: 47.0ms | ActiveRecord: 0.7ms)


Started DELETE "/products/4" for ::1 at 2015-08-12 22:40:31 -0700
Processing by ProductsController#destroy as HTML
  Parameters: {"authenticity_token"=>"BU2i+We/rT2fAIAqcfePKV319E3XWZRHq5S+CDpfTGmdI/Jv5F1yGT2hs9HhhRVPFCkbDUbFFlBnfQ526gPY3g==", "id"=>"4"}
  [1m[36mProduct Load (0.3ms)[0m  [1mSELECT  "products".* FROM "products" WHERE "products"."id" = ? LIMIT 1[0m  [["id", 4]]
  [1m[35m (0.3ms)[0m  begin transaction
  [1m[36mSQL (0.6ms)[0m  [1mDELETE FROM "products" WHERE "products"."id" = ?[0m  [["id", 4]]
  [1m[35m (8.1ms)[0m  commit transaction
Redirected to http://localhost:3000/products
Completed 302 Found in 47ms (ActiveRecord: 10.4ms)


Started GET "/products" for ::1 at 2015-08-12 22:40:31 -0700
Processing by ProductsController#index as HTML
  [1m[36mProduct Load (0.3ms)[0m  [1mSELECT "products".* FROM "products"[0m
  [1m[35mCategory Load (0.2ms)[0m  SELECT  "categories".* FROM "categories" WHERE "categories"."id" = ? LIMIT 1  [["id", 3]]
  Rendered products/index.html.erb within layouts/application (24.0ms)
Completed 200 OK in 292ms (Views: 289.7ms | ActiveRecord: 0.9ms)


Started GET "/products" for ::1 at 2015-08-13 14:42:02 -0700
  [1m[36mActiveRecord::SchemaMigration Load (0.5ms)[0m  [1mSELECT "schema_migrations".* FROM "schema_migrations"[0m
Processing by ProductsController#index as HTML
  [1m[35mProduct Load (0.6ms)[0m  SELECT "products".* FROM "products"
  [1m[36mCategory Load (0.6ms)[0m  [1mSELECT  "categories".* FROM "categories" WHERE "categories"."id" = ? LIMIT 1[0m  [["id", 3]]
  Rendered products/index.html.erb within layouts/application (106.1ms)
Completed 200 OK in 514ms (Views: 493.4ms | ActiveRecord: 2.4ms)
